<?xml version="1.0" encoding="UTF-8"?>
<!-- Generated by org.testng.reporters.JUnitReportReporter -->
<testsuite skipped="0" hostname="DESKTOP-NJTIT62" name="com.CRM_POMProject.Scripts.RegressionTest" tests="2" failures="0" timestamp="2022-09-19T15:06:35 IST" time="5.867" errors="0">
  <testcase name="verifysigninInvalidEmailInvalidPassword" time="1.448" classname="com.CRM_POMProject.Scripts.RegressionTest"/>
  <system-out/>
  <testcase name="verifysigninValidEmailValidPassword" time="4.419" classname="com.CRM_POMProject.Scripts.RegressionTest"/>
  <system-out/>
</testsuite> <!-- com.CRM_POMProject.Scripts.RegressionTest -->
