<?xml version="1.0" encoding="UTF-8"?>
<!-- Generated by org.testng.reporters.JUnitReportReporter -->
<testsuite skipped="0" hostname="DESKTOP-NJTIT62" name="com.CRM_POMProject.Scripts.LoginTest" tests="4" failures="0" timestamp="2022-09-17T15:04:54 IST" time="8.603" errors="0">
  <testcase name="verifysigninValidEmailInvalidPassword" time="1.399" classname="com.CRM_POMProject.Scripts.LoginTest"/>
  <system-out/>
  <testcase name="verifysigninInvalidEmailValidPassword" time="1.530" classname="com.CRM_POMProject.Scripts.LoginTest"/>
  <system-out/>
  <testcase name="verifysigninInvalidEmailInvalidPassword" time="1.487" classname="com.CRM_POMProject.Scripts.LoginTest"/>
  <system-out/>
  <testcase name="verifysigninValidEmailValidPassword" time="4.187" classname="com.CRM_POMProject.Scripts.LoginTest"/>
  <system-out/>
</testsuite> <!-- com.CRM_POMProject.Scripts.LoginTest -->
