<?xml version="1.0" encoding="UTF-8"?>
<!-- Generated by org.testng.reporters.JUnitReportReporter -->
<testsuite hostname="DESKTOP-NJTIT62" failures="0" tests="1" name="com.CRM_POMProject.Scripts.BaseTest" time="0.004" errors="0" timestamp="2022-09-15T18:12:02 IST" skipped="0">
  <testcase classname="com.CRM_POMProject.Scripts.BaseTest" name="f" time="0.004"/>
  <system-out/>
</testsuite> <!-- com.CRM_POMProject.Scripts.BaseTest -->
