<?xml version="1.0" encoding="UTF-8"?>
<!-- Generated by org.testng.reporters.JUnitReportReporter -->
<testsuite skipped="0" hostname="DESKTOP-NJTIT62" name="com.CRM_POMProject.Scripts.HomeTest" tests="1" failures="0" timestamp="2022-09-17T15:04:54 IST" time="0.182" errors="0">
  <testcase name="addClient" time="0.182" classname="com.CRM_POMProject.Scripts.HomeTest"/>
  <system-out/>
</testsuite> <!-- com.CRM_POMProject.Scripts.HomeTest -->
