<?xml version="1.0" encoding="UTF-8"?>
<!-- Generated by org.testng.reporters.JUnitReportReporter -->
<testsuite skipped="0" hostname="DESKTOP-NJTIT62" name="com.CRM_POMProject.Scripts.SanityTest" tests="1" failures="0" timestamp="2022-09-19T15:06:35 IST" time="2.623" errors="0">
  <testcase name="addClient" time="2.623" classname="com.CRM_POMProject.Scripts.SanityTest"/>
  <system-out/>
</testsuite> <!-- com.CRM_POMProject.Scripts.SanityTest -->
